<?xml version="1.0" encoding="UTF-8"?>
<testng-results ignored="0" total="1" passed="1" failed="0" skipped="0">
  <reporter-output>
  </reporter-output>
  <suite started-at="2023-11-18T21:29:04 IST" name="Default suite" finished-at="2023-11-18T21:29:20 IST" duration-ms="15840">
    <groups>
    </groups>
    <test started-at="2023-11-18T21:29:04 IST" name="Default test" finished-at="2023-11-18T21:29:20 IST" duration-ms="15840">
      <class name="Assessment3.assessment3">
        <test-method signature="getFoodNames()[pri:0, instance:Assessment3.assessment3@3911c2a7]" started-at="2023-11-18T21:29:04 IST" name="getFoodNames" finished-at="2023-11-18T21:29:20 IST" duration-ms="15792" status="PASS">
          <reporter-output>
          </reporter-output>
        </test-method> <!-- getFoodNames -->
      </class> <!-- Assessment3.assessment3 -->
    </test> <!-- Default test -->
  </suite> <!-- Default suite -->
</testng-results>
